[LOGGING] Output is being saved to: C:\ClibDT\projects\ClibDT\ClibDT.log

[36m       â–ˆâ–ˆâ–ˆâ–ˆâ–ˆâ–ˆâ•—â–ˆâ–ˆâ•—     â–ˆâ–ˆâ•—â–ˆâ–ˆâ–ˆâ–ˆâ–ˆâ–ˆâ•—     â–ˆâ–ˆâ–ˆâ–ˆâ–ˆâ–ˆâ•— â–ˆâ–ˆâ–ˆâ–ˆâ–ˆâ–ˆâ–ˆâ–ˆâ•—[0m
[36m      â–ˆâ–ˆâ•”â•â•â•â•â•â–ˆâ–ˆâ•‘     â–ˆâ–ˆâ•‘â–ˆâ–ˆâ•”â•â•â–ˆâ–ˆâ•—    â–ˆâ–ˆâ•”â•â•â–ˆâ–ˆâ•—â•šâ•â•â–ˆâ–ˆâ•”â•â•â•[0m
[36m      â–ˆâ–ˆâ•‘     â–ˆâ–ˆâ•‘     â–ˆâ–ˆâ•‘â–ˆâ–ˆâ–ˆâ–ˆâ–ˆâ–ˆâ•”â•    â–ˆâ–ˆâ•‘  â–ˆâ–ˆâ•‘   â–ˆâ–ˆâ•‘   [0m
[36m      â–ˆâ–ˆâ•‘     â–ˆâ–ˆâ•‘     â–ˆâ–ˆâ•‘â–ˆâ–ˆâ•”â•â•â–ˆâ–ˆâ•—    â–ˆâ–ˆâ•‘  â–ˆâ–ˆâ•‘   â–ˆâ–ˆâ•‘   [0m
[36m       â–ˆâ–ˆâ–ˆâ–ˆâ–ˆâ–ˆâ•—â–ˆâ–ˆâ–ˆâ–ˆâ–ˆâ–ˆâ–ˆâ•—â–ˆâ–ˆâ•‘â–ˆâ–ˆâ–ˆâ–ˆâ–ˆâ–ˆâ•”â•    â–ˆâ–ˆâ–ˆâ–ˆâ–ˆâ–ˆâ•”â•   â–ˆâ–ˆâ•‘   [0m
[36m       â•šâ•â•â•â•â•â•â•šâ•â•â•â•â•â•â•â•šâ•â•â•šâ•â•â•â•â•â•     â•šâ•â•â•â•â•â•    â•šâ•â•   [0m
[32m             CommonLibSSE-NG Developers Toolkit [0m

[94m           Supertron 2025 Â© -- v4.0.1 (up to date)[0m

1. Set Environment Variables (required)
2. Install VS (or Build Tools), Git, Xmake, GitHub Desktop
3. Create a New Project
4. Update Project Dependencies
5. Build Project (Debug or Release)
6. Regenerate xmake.lua
7. Git Stage & Commit Project
8. Detach Git (Remove history)
9. Smart Backup Dev Folder
10. Refresh Existing Project
11. Clear Environment Variables
0. Exit

Enter P to open Nexus Mods page

[90mEnter M to return to this menu[0m
[32mLast Backup: 2025-07-17 20:42:03[0m

Choose an option: [LOGGING] Output is being saved to: C:\ClibDT\projects\ClibDT\ClibDT.log

[36m       â–ˆâ–ˆâ–ˆâ–ˆâ–ˆâ–ˆâ•—â–ˆâ–ˆâ•—     â–ˆâ–ˆâ•—â–ˆâ–ˆâ–ˆâ–ˆâ–ˆâ–ˆâ•—     â–ˆâ–ˆâ–ˆâ–ˆâ–ˆâ–ˆâ•— â–ˆâ–ˆâ–ˆâ–ˆâ–ˆâ–ˆâ–ˆâ–ˆâ•—[0m
[36m      â–ˆâ–ˆâ•”â•â•â•â•â•â–ˆâ–ˆâ•‘     â–ˆâ–ˆâ•‘â–ˆâ–ˆâ•”â•â•â–ˆâ–ˆâ•—    â–ˆâ–ˆâ•”â•â•â–ˆâ–ˆâ•—â•šâ•â•â–ˆâ–ˆâ•”â•â•â•[0m
[36m      â–ˆâ–ˆâ•‘     â–ˆâ–ˆâ•‘     â–ˆâ–ˆâ•‘â–ˆâ–ˆâ–ˆâ–ˆâ–ˆâ–ˆâ•”â•    â–ˆâ–ˆâ•‘  â–ˆâ–ˆâ•‘   â–ˆâ–ˆâ•‘   [0m
[36m      â–ˆâ–ˆâ•‘     â–ˆâ–ˆâ•‘     â–ˆâ–ˆâ•‘â–ˆâ–ˆâ•”â•â•â–ˆâ–ˆâ•—    â–ˆâ–ˆâ•‘  â–ˆâ–ˆâ•‘   â–ˆâ–ˆâ•‘   [0m
[36m       â–ˆâ–ˆâ–ˆâ–ˆâ–ˆâ–ˆâ•—â–ˆâ–ˆâ–ˆâ–ˆâ–ˆâ–ˆâ–ˆâ•—â–ˆâ–ˆâ•‘â–ˆâ–ˆâ–ˆâ–ˆâ–ˆâ–ˆâ•”â•    â–ˆâ–ˆâ–ˆâ–ˆâ–ˆâ–ˆâ•”â•   â–ˆâ–ˆâ•‘   [0m
[36m       â•šâ•â•â•â•â•â•â•šâ•â•â•â•â•â•â•â•šâ•â•â•šâ•â•â•â•â•â•     â•šâ•â•â•â•â•â•    â•šâ•â•   [0m
[32m             CommonLibSSE-NG Developers Toolkit [0m

[94m           Supertron 2025 Â© -- v4.0.1 (up to date)[0m

1. Set Environment Variables (required)
2. Install VS (or Build Tools), Git, Xmake, GitHub Desktop
3. Create a New Project
4. Update Project Dependencies
5. Build Project (Debug or Release)
6. Regenerate xmake.lua
7. Git Stage & Commit Project
8. Detach Git (Remove history)
9. Smart Backup Dev Folder
10. Refresh Existing Project
11. Clear Environment Variables
0. Exit

Enter P to open Nexus Mods page

[90mEnter M to return to this menu[0m
[32mLast Backup: 2025-07-17 20:42:03[0m

Choose an option: 
[90m[INFO] Enter M to return to main menu.[0m

[35mCurrent Environment Settings:[0m
[32m  XSE_CLIBDT_DEVROOT = C:\ClibDT[0m
[32m  XSE_TES5_GAME_PATH = C:\ClibDT\tools\SKSE[0m
[32m  XSE_TES5_MODS_PATH = D:\_MO2\_instances\skyrimse\mods[0m

[90m[INFO] Dev root is already set to: C:\ClibDT[0m
Do you want to keep it? (Y/N): 
[36m       â–ˆâ–ˆâ–ˆâ–ˆâ–ˆâ–ˆâ•—â–ˆâ–ˆâ•—     â–ˆâ–ˆâ•—â–ˆâ–ˆâ–ˆâ–ˆâ–ˆâ–ˆâ•—     â–ˆâ–ˆâ–ˆâ–ˆâ–ˆâ–ˆâ•— â–ˆâ–ˆâ–ˆâ–ˆâ–ˆâ–ˆâ–ˆâ–ˆâ•—[0m
[36m      â–ˆâ–ˆâ•”â•â•â•â•â•â–ˆâ–ˆâ•‘     â–ˆâ–ˆâ•‘â–ˆâ–ˆâ•”â•â•â–ˆâ–ˆâ•—    â–ˆâ–ˆâ•”â•â•â–ˆâ–ˆâ•—â•šâ•â•â–ˆâ–ˆâ•”â•â•â•[0m
[36m      â–ˆâ–ˆâ•‘     â–ˆâ–ˆâ•‘     â–ˆâ–ˆâ•‘â–ˆâ–ˆâ–ˆâ–ˆâ–ˆâ–ˆâ•”â•    â–ˆâ–ˆâ•‘  â–ˆâ–ˆâ•‘   â–ˆâ–ˆâ•‘   [0m
[36m      â–ˆâ–ˆâ•‘     â–ˆâ–ˆâ•‘     â–ˆâ–ˆâ•‘â–ˆâ–ˆâ•”â•â•â–ˆâ–ˆâ•—    â–ˆâ–ˆâ•‘  â–ˆâ–ˆâ•‘   â–ˆâ–ˆâ•‘   [0m
[36m       â–ˆâ–ˆâ–ˆâ–ˆâ–ˆâ–ˆâ•—â–ˆâ–ˆâ–ˆâ–ˆâ–ˆâ–ˆâ–ˆâ•—â–ˆâ–ˆâ•‘â–ˆâ–ˆâ–ˆâ–ˆâ–ˆâ–ˆâ•”â•    â–ˆâ–ˆâ–ˆâ–ˆâ–ˆâ–ˆâ•”â•   â–ˆâ–ˆâ•‘   [0m
[36m       â•šâ•â•â•â•â•â•â•šâ•â•â•â•â•â•â•â•šâ•â•â•šâ•â•â•â•â•â•     â•šâ•â•â•â•â•â•    â•šâ•â•   [0m
[32m             CommonLibSSE-NG Developers Toolkit [0m
[36m           Supertron 2025 Â© -- v4.0.1 (up to date)[0m

1. Set Environment Variables (required)
2. Install VS (or Build Tools), Git, Xmake, GitHub Desktop
3. Create a New Project
4. Update Project Dependencies
5. Build Project (Debug or Release)
6. Regenerate xmake.lua
7. Git Stage & Commit Project
8. Detach Git (Remove history)
9. Smart Backup Dev Folder
10. Refresh Existing Project
11. Clear Environment Variables
0. Exit

Enter P to open Nexus Mods page

[90mEnter M to return to this menu[0m
[32mLast Backup: 2025-07-17 20:42:03[0m

Choose an option: [36m[INFO] Installers will be downloaded to:[0m
  C:\ClibDT\downloads

Install Git now? (Y/N):  
[36m       â–ˆâ–ˆâ–ˆâ–ˆâ–ˆâ–ˆâ•—â–ˆâ–ˆâ•—     â–ˆâ–ˆâ•—â–ˆâ–ˆâ–ˆâ–ˆâ–ˆâ–ˆâ•—     â–ˆâ–ˆâ–ˆâ–ˆâ–ˆâ–ˆâ•— â–ˆâ–ˆâ–ˆâ–ˆâ–ˆâ–ˆâ–ˆâ–ˆâ•—[0m
[36m      â–ˆâ–ˆâ•”â•â•â•â•â•â–ˆâ–ˆâ•‘     â–ˆâ–ˆâ•‘â–ˆâ–ˆâ•”â•â•â–ˆâ–ˆâ•—    â–ˆâ–ˆâ•”â•â•â–ˆâ–ˆâ•—â•šâ•â•â–ˆâ–ˆâ•”â•â•â•[0m
[36m      â–ˆâ–ˆâ•‘     â–ˆâ–ˆâ•‘     â–ˆâ–ˆâ•‘â–ˆâ–ˆâ–ˆâ–ˆâ–ˆâ–ˆâ•”â•    â–ˆâ–ˆâ•‘  â–ˆâ–ˆâ•‘   â–ˆâ–ˆâ•‘   [0m
[36m      â–ˆâ–ˆâ•‘     â–ˆâ–ˆâ•‘     â–ˆâ–ˆâ•‘â–ˆâ–ˆâ•”â•â•â–ˆâ–ˆâ•—    â–ˆâ–ˆâ•‘  â–ˆâ–ˆâ•‘   â–ˆâ–ˆâ•‘   [0m
[36m       â–ˆâ–ˆâ–ˆâ–ˆâ–ˆâ–ˆâ•—â–ˆâ–ˆâ–ˆâ–ˆâ–ˆâ–ˆâ–ˆâ•—â–ˆâ–ˆâ•‘â–ˆâ–ˆâ–ˆâ–ˆâ–ˆâ–ˆâ•”â•    â–ˆâ–ˆâ–ˆâ–ˆâ–ˆâ–ˆâ•”â•   â–ˆâ–ˆâ•‘   [0m
[36m       â•šâ•â•â•â•â•â•â•šâ•â•â•â•â•â•â•â•šâ•â•â•šâ•â•â•â•â•â•     â•šâ•â•â•â•â•â•    â•šâ•â•   [0m
[32m             CommonLibSSE-NG Developers Toolkit [0m
[36m           Supertron 2025 Â© -- v4.0.1 (up to date)[0m

1. Set Environment Variables (required)
2. Install VS (or Build Tools), Git, Xmake, GitHub Desktop
3. Create a New Project
4. Update Project Dependencies
5. Build Project (Debug or Release)
6. Regenerate xmake.lua
7. Git Stage & Commit Project
8. Detach Git (Remove history)
9. Smart Backup Dev Folder
10. Refresh Existing Project
11. Clear Environment Variables
0. Exit

Enter P to open Nexus Mods page

[90mEnter M to return to this menu[0m
[32mLast Backup: 2025-07-17 20:42:03[0m

Choose an option: [36m[INFO] Using projects directory: C:\ClibDT\projects[0m

[36m[1m=== PROJECT INFO ===[0m
Enter your new plugin/project name: 
[36m       â–ˆâ–ˆâ–ˆâ–ˆâ–ˆâ–ˆâ•—â–ˆâ–ˆâ•—     â–ˆâ–ˆâ•—â–ˆâ–ˆâ–ˆâ–ˆâ–ˆâ–ˆâ•—     â–ˆâ–ˆâ–ˆâ–ˆâ–ˆâ–ˆâ•— â–ˆâ–ˆâ–ˆâ–ˆâ–ˆâ–ˆâ–ˆâ–ˆâ•—[0m
[36m      â–ˆâ–ˆâ•”â•â•â•â•â•â–ˆâ–ˆâ•‘     â–ˆâ–ˆâ•‘â–ˆâ–ˆâ•”â•â•â–ˆâ–ˆâ•—    â–ˆâ–ˆâ•”â•â•â–ˆâ–ˆâ•—â•šâ•â•â–ˆâ–ˆâ•”â•â•â•[0m
[36m      â–ˆâ–ˆâ•‘     â–ˆâ–ˆâ•‘     â–ˆâ–ˆâ•‘â–ˆâ–ˆâ–ˆâ–ˆâ–ˆâ–ˆâ•”â•    â–ˆâ–ˆâ•‘  â–ˆâ–ˆâ•‘   â–ˆâ–ˆâ•‘   [0m
[36m      â–ˆâ–ˆâ•‘     â–ˆâ–ˆâ•‘     â–ˆâ–ˆâ•‘â–ˆâ–ˆâ•”â•â•â–ˆâ–ˆâ•—    â–ˆâ–ˆâ•‘  â–ˆâ–ˆâ•‘   â–ˆâ–ˆâ•‘   [0m
[36m       â–ˆâ–ˆâ–ˆâ–ˆâ–ˆâ–ˆâ•—â–ˆâ–ˆâ–ˆâ–ˆâ–ˆâ–ˆâ–ˆâ•—â–ˆâ–ˆâ•‘â–ˆâ–ˆâ–ˆâ–ˆâ–ˆâ–ˆâ•”â•    â–ˆâ–ˆâ–ˆâ–ˆâ–ˆâ–ˆâ•”â•   â–ˆâ–ˆâ•‘   [0m
[36m       â•šâ•â•â•â•â•â•â•šâ•â•â•â•â•â•â•â•šâ•â•â•šâ•â•â•â•â•â•     â•šâ•â•â•â•â•â•    â•šâ•â•   [0m
[32m             CommonLibSSE-NG Developers Toolkit [0m
[36m           Supertron 2025 Â© -- v4.0.1 (up to date)[0m

1. Set Environment Variables (required)
2. Install VS (or Build Tools), Git, Xmake, GitHub Desktop
3. Create a New Project
4. Update Project Dependencies
5. Build Project (Debug or Release)
6. Regenerate xmake.lua
7. Git Stage & Commit Project
8. Detach Git (Remove history)
9. Smart Backup Dev Folder
10. Refresh Existing Project
11. Clear Environment Variables
0. Exit

Enter P to open Nexus Mods page

[90mEnter M to return to this menu[0m
[32mLast Backup: 2025-07-17 20:42:03[0m

Choose an option: 